<?xml version="1.0" encoding="UTF-8"?>
<!-- Generated by org.testng.reporters.JUnitReportReporter -->
<testsuite hostname="LIN-DNLYV64" failures="0" tests="3" name="rahulshettyacademy.tests.SubmitOrderTest" time="27.197" errors="0" timestamp="2025-07-29T13:26:33 IST" skipped="0">
  <testcase classname="rahulshettyacademy.tests.SubmitOrderTest" name="submitOrder" time="8.133"/>
  <testcase classname="rahulshettyacademy.tests.SubmitOrderTest" name="submitOrder" time="10.456"/>
  <testcase classname="rahulshettyacademy.tests.SubmitOrderTest" name="orderHistoryTest" time="8.608"/>
</testsuite> <!-- rahulshettyacademy.tests.SubmitOrderTest -->
