<?xml version="1.0" encoding="UTF-8"?>
<!-- Generated by org.testng.reporters.JUnitReportReporter -->
<testsuite hostname="LIN-DNLYV64" failures="0" tests="1" name="cucumber.TestngTextRunner" time="5.970" errors="0" timestamp="2025-08-02T21:53:04 IST" skipped="0">
  <testcase classname="cucumber.TestngTextRunner" name="runScenario" time="5.970"/>
</testsuite> <!-- cucumber.TestngTextRunner -->
