<?xml version="1.0" encoding="UTF-8"?>
<!-- Generated by org.testng.reporters.JUnitReportReporter -->
<testsuite hostname="LIN-DNLYV64" failures="0" tests="1" name="rahulshettyacademy.tests.ErrorValidation" time="6.416" errors="0" timestamp="2025-07-26T20:47:53 IST" skipped="0">
  <testcase classname="rahulshettyacademy.tests.ErrorValidation" name="verifyErrorMsg" time="6.416"/>
</testsuite> <!-- rahulshettyacademy.tests.ErrorValidation -->
