<?xml version="1.0" encoding="UTF-8"?>
<!-- Generated by org.testng.reporters.JUnitReportReporter -->
<testsuite hostname="LIN-DNLYV64" failures="0" tests="2" name="rahulshettyacademy.tests.ErrorValidationTest" time="14.351" errors="0" timestamp="2025-07-31T15:44:38 IST" skipped="0">
  <testcase classname="rahulshettyacademy.tests.ErrorValidationTest" name="productErrorValidation" time="9.361"/>
  <testcase classname="rahulshettyacademy.tests.ErrorValidationTest" name="loginErrorvalidation" time="4.990"/>
</testsuite> <!-- rahulshettyacademy.tests.ErrorValidationTest -->
