<?xml version="1.0" encoding="UTF-8"?>
<!-- Generated by org.testng.reporters.JUnitReportReporter -->
<testsuite hostname="LIN-DNLYV64" failures="0" tests="3" name="rahulshettyacademy.tests.SubmitOrderTest" time="25.067" errors="0" timestamp="2025-07-31T15:44:38 IST" skipped="0">
  <testcase classname="rahulshettyacademy.tests.SubmitOrderTest" name="orderHistoryTest" time="4.496"/>
  <testcase classname="rahulshettyacademy.tests.SubmitOrderTest" name="submitOrder" time="10.376"/>
  <testcase classname="rahulshettyacademy.tests.SubmitOrderTest" name="submitOrder" time="10.195"/>
</testsuite> <!-- rahulshettyacademy.tests.SubmitOrderTest -->
